<?xml version="1.0" encoding="UTF-8"?>
<!-- Generated by org.testng.reporters.JUnitReportReporter -->
<testsuite skipped="0" hostname="Charu-PC" name="qaclickacademy.Mavenjava.AppiumTest" tests="2" failures="0" timestamp="2020-07-29T11:15:18 IST" time="0.006" errors="0">
  <testcase name="IOSApp" time="0.006" classname="qaclickacademy.Mavenjava.AppiumTest"/>
  <system-out/>
  <testcase name="NativeAppAndroid" time="0.000" classname="qaclickacademy.Mavenjava.AppiumTest"/>
  <system-out/>
</testsuite> <!-- qaclickacademy.Mavenjava.AppiumTest -->
