<?xml version="1.0" encoding="UTF-8"?>
<!-- Generated by org.testng.reporters.JUnitReportReporter -->
<testsuite skipped="0" hostname="Charu-PC" name="qaclickacademy.Mavenjava.RestAPITest" tests="2" failures="0" timestamp="2020-07-15T16:19:54 IST" time="0.000" errors="0">
  <testcase name="PostJira" time="0.000" classname="qaclickacademy.Mavenjava.RestAPITest"/>
  <system-out/>
  <testcase name="DeleteTwitter" time="0.000" classname="qaclickacademy.Mavenjava.RestAPITest"/>
  <system-out/>
</testsuite> <!-- qaclickacademy.Mavenjava.RestAPITest -->
